This is pdfTeX, Version 3.14159265-2.6-1.40.18 (TeX Live 2017) (preloaded format=pdflatex 2017.5.23)  13 DEC 2018 20:53
entering extended mode
 restricted \write18 enabled.
 %&-line parsing enabled.
**main.tex
(./main.tex
LaTeX2e <2017-04-15>
Babel <3.10> and hyphenation patterns for 84 language(s) loaded.
(/usr/local/texlive/2017/texmf-dist/tex/latex/base/article.cls
Document Class: article 2014/09/29 v1.4h Standard LaTeX document class
(/usr/local/texlive/2017/texmf-dist/tex/latex/base/size10.clo
File: size10.clo 2014/09/29 v1.4h Standard LaTeX file (size option)
)
\c@part=\count79
\c@section=\count80
\c@subsection=\count81
\c@subsubsection=\count82
\c@paragraph=\count83
\c@subparagraph=\count84
\c@figure=\count85
\c@table=\count86
\abovecaptionskip=\skip41
\belowcaptionskip=\skip42
\bibindent=\dimen102
)
(/usr/local/texlive/2017/texmf-dist/tex/latex/graphics/graphicx.sty
Package: graphicx 2014/10/28 v1.0g Enhanced LaTeX Graphics (DPC,SPQR)

(/usr/local/texlive/2017/texmf-dist/tex/latex/graphics/keyval.sty
Package: keyval 2014/10/28 v1.15 key=value parser (DPC)
\KV@toks@=\toks14
)
(/usr/local/texlive/2017/texmf-dist/tex/latex/graphics/graphics.sty
Package: graphics 2017/04/14 v1.1b Standard LaTeX Graphics (DPC,SPQR)

(/usr/local/texlive/2017/texmf-dist/tex/latex/graphics/trig.sty
Package: trig 2016/01/03 v1.10 sin cos tan (DPC)
)
(/usr/local/texlive/2017/texmf-dist/tex/latex/graphics-cfg/graphics.cfg
File: graphics.cfg 2016/06/04 v1.11 sample graphics configuration
)
Package graphics Info: Driver file: pdftex.def on input line 99.

(/usr/local/texlive/2017/texmf-dist/tex/latex/graphics-def/pdftex.def
File: pdftex.def 2017/01/12 v0.06k Graphics/color for pdfTeX

(/usr/local/texlive/2017/texmf-dist/tex/generic/oberdiek/infwarerr.sty
Package: infwarerr 2016/05/16 v1.4 Providing info/warning/error messages (HO)
)
(/usr/local/texlive/2017/texmf-dist/tex/generic/oberdiek/ltxcmds.sty
Package: ltxcmds 2016/05/16 v1.23 LaTeX kernel commands for general use (HO)
)
\Gread@gobject=\count87
))
\Gin@req@height=\dimen103
\Gin@req@width=\dimen104
)
(/usr/local/texlive/2017/texmf-dist/tex/latex/graphics/color.sty
Package: color 2016/07/10 v1.1e Standard LaTeX Color (DPC)

(/usr/local/texlive/2017/texmf-dist/tex/latex/graphics-cfg/color.cfg
File: color.cfg 2016/01/02 v1.6 sample color configuration
)
Package color Info: Driver file: pdftex.def on input line 147.
)
(/usr/local/texlive/2017/texmf-dist/tex/latex/spverbatim/spverbatim.sty
Package: spverbatim 2009/08/10 v1.0 Verbatim with breakable spaces
)
(./main.aux)
\openout1 = `main.aux'.

LaTeX Font Info:    Checking defaults for OML/cmm/m/it on input line 13.
LaTeX Font Info:    ... okay on input line 13.
LaTeX Font Info:    Checking defaults for T1/cmr/m/n on input line 13.
LaTeX Font Info:    ... okay on input line 13.
LaTeX Font Info:    Checking defaults for OT1/cmr/m/n on input line 13.
LaTeX Font Info:    ... okay on input line 13.
LaTeX Font Info:    Checking defaults for OMS/cmsy/m/n on input line 13.
LaTeX Font Info:    ... okay on input line 13.
LaTeX Font Info:    Checking defaults for OMX/cmex/m/n on input line 13.
LaTeX Font Info:    ... okay on input line 13.
LaTeX Font Info:    Checking defaults for U/cmr/m/n on input line 13.
LaTeX Font Info:    ... okay on input line 13.

(/usr/local/texlive/2017/texmf-dist/tex/context/base/mkii/supp-pdf.mkii
[Loading MPS to PDF converter (version 2006.09.02).]
\scratchcounter=\count88
\scratchdimen=\dimen105
\scratchbox=\box26
\nofMPsegments=\count89
\nofMParguments=\count90
\everyMPshowfont=\toks15
\MPscratchCnt=\count91
\MPscratchDim=\dimen106
\MPnumerator=\count92
\makeMPintoPDFobject=\count93
\everyMPtoPDFconversion=\toks16
) (/usr/local/texlive/2017/texmf-dist/tex/generic/oberdiek/pdftexcmds.sty
Package: pdftexcmds 2017/03/19 v0.25 Utility functions of pdfTeX for LuaTeX (HO
)

(/usr/local/texlive/2017/texmf-dist/tex/generic/oberdiek/ifluatex.sty
Package: ifluatex 2016/05/16 v1.4 Provides the ifluatex switch (HO)
Package ifluatex Info: LuaTeX not detected.
)
(/usr/local/texlive/2017/texmf-dist/tex/generic/oberdiek/ifpdf.sty
Package: ifpdf 2017/03/15 v3.2 Provides the ifpdf switch
)
Package pdftexcmds Info: LuaTeX not detected.
Package pdftexcmds Info: \pdf@primitive is available.
Package pdftexcmds Info: \pdf@ifprimitive is available.
Package pdftexcmds Info: \pdfdraftmode found.
)
(/usr/local/texlive/2017/texmf-dist/tex/latex/oberdiek/epstopdf-base.sty
Package: epstopdf-base 2016/05/15 v2.6 Base part for package epstopdf

(/usr/local/texlive/2017/texmf-dist/tex/latex/oberdiek/grfext.sty
Package: grfext 2016/05/16 v1.2 Manage graphics extensions (HO)

(/usr/local/texlive/2017/texmf-dist/tex/generic/oberdiek/kvdefinekeys.sty
Package: kvdefinekeys 2016/05/16 v1.4 Define keys (HO)
))
(/usr/local/texlive/2017/texmf-dist/tex/latex/oberdiek/kvoptions.sty
Package: kvoptions 2016/05/16 v3.12 Key value format for package options (HO)

(/usr/local/texlive/2017/texmf-dist/tex/generic/oberdiek/kvsetkeys.sty
Package: kvsetkeys 2016/05/16 v1.17 Key value parser (HO)

(/usr/local/texlive/2017/texmf-dist/tex/generic/oberdiek/etexcmds.sty
Package: etexcmds 2016/05/16 v1.6 Avoid name clashes with e-TeX commands (HO)
Package etexcmds Info: Could not find \expanded.
(etexcmds)             That can mean that you are not using pdfTeX 1.50 or
(etexcmds)             that some package has redefined \expanded.
(etexcmds)             In the latter case, load this package earlier.
)))
Package epstopdf-base Info: Redefining graphics rule for `.eps' on input line 4
38.
Package grfext Info: Graphics extension search list:
(grfext)             [.png,.pdf,.jpg,.mps,.jpeg,.jbig2,.jb2,.PNG,.PDF,.JPG,.JPE
G,.JBIG2,.JB2,.eps]
(grfext)             \AppendGraphicsExtensions on input line 456.

(/usr/local/texlive/2017/texmf-dist/tex/latex/latexconfig/epstopdf-sys.cfg
File: epstopdf-sys.cfg 2010/07/13 v1.3 Configuration of (r)epstopdf for TeX Liv
e
))
LaTeX Font Info:    Try loading font information for OMS+cmr on input line 21.

(/usr/local/texlive/2017/texmf-dist/tex/latex/base/omscmr.fd
File: omscmr.fd 2014/09/29 v2.5h Standard LaTeX font definitions
)
LaTeX Font Info:    Font shape `OMS/cmr/m/n' in size <10> not available
(Font)              Font shape `OMS/cmsy/m/n' tried instead on input line 21.

Overfull \hbox (53.99652pt too wide) in paragraph at lines 61--61
[]\OT1/cmtt/m/n/10 maxiter=5;%tot_iter/(Nlvlmax*Ncycle);%Maximum iterations in 
iterative solver[] 
 []

[1

{/usr/local/texlive/2017/texmf-var/fonts/map/pdftex/updmap/pdftex.map}]
Overfull \hbox (11.99689pt too wide) in paragraph at lines 123--123
[]    \OT1/cmtt/m/n/10 [invA{n},invB{n},A{n},B{n},a(n),b(n),c(n)]=coeff(n,Nx,Ny
,Lx,Ly);[] 
 []


Overfull \hbox (59.24648pt too wide) in paragraph at lines 135--135
[]  \OT1/cmtt/m/n/10 [uout{n},counternMG,tnonMG,errornMG]=NonMG(uin{n},RHS{n},i
nvA{n},invB{n}...[] 
 []

[2]
Overfull \hbox (85.49625pt too wide) in paragraph at lines 135--135
[]                                             \OT1/cmtt/m/n/10 ,a(n),b(n),c(n)
,Nx,Ny,itype,omg,tol);[] 
 []


Overfull \hbox (6.74693pt too wide) in paragraph at lines 158--158
[]      \OT1/cmtt/m/n/10 [uout]=fine_to_coarse(uin,RHS,maxiter,invA,invB,A,B,a,
b,c,...[] 
 []


Overfull \hbox (53.99652pt too wide) in paragraph at lines 158--158
[]      \OT1/cmtt/m/n/10 error(Ncyl)=norm(residual(uout{1},RHS{1},a(1),b(1),c(1
),nx(1),ny(1)));[] 
 []


Overfull \hbox (69.74638pt too wide) in paragraph at lines 182--182
[]      \OT1/cmtt/m/n/10 [uout]=fine_to_coarse(uin,RHS,maxiter,invA,invB,A,B,a,
b,c,nx,ny,itype,...[] 
 []


Overfull \hbox (90.7462pt too wide) in paragraph at lines 182--182
[]      \OT1/cmtt/m/n/10 [uout]=fine_to_coarse(uin,RHS,maxiter,invA,invB,A,B,a,
b,c,nx,ny,itype,omg,...[] 
 []


Overfull \hbox (53.99652pt too wide) in paragraph at lines 182--182
[]      \OT1/cmtt/m/n/10 error(Ncyl)=norm(residual(uout{1},RHS{1},a(1),b(1),c(1
),nx(1),ny(1)));[] 
 []

[3]
Overfull \hbox (59.24648pt too wide) in paragraph at lines 211--211
[]\OT1/cmtt/m/n/10 ylabel('$\epsilon =|\!|\nabla^2u-R|\!|$','interpreter','late
x','fontsize',16)[] 
 []

[4]
Overfull \hbox (36.99692pt too wide) in paragraph at lines 260--260
 []\OT1/cmtt/m/n/10 utemp(j,i,2)=RHS(j,i)*(1/b)-(a/b)*(utemp(j,i-1,1)+utemp(j,i
+1,1))...[] 
 []


Overfull \hbox (36.99692pt too wide) in paragraph at lines 260--260
 []\OT1/cmtt/m/n/10 utemp(j,i,2)=RHS(j,i)*(1/b)-(a/b)*(utemp(j,i-1,2)+utemp(j,i
+1,2))...[] 
 []


Overfull \hbox (42.24687pt too wide) in paragraph at lines 260--260
 []\OT1/cmtt/m/n/10 uout(1:Ny,1:Nx)=utemp(1:Ny,1:Nx,2);%utemp copied with bound
ary values[] 
 []


Overfull \hbox (36.99692pt too wide) in paragraph at lines 290--290
 []\OT1/cmtt/m/n/10 utemp(j,i,2)=RHS(j,i)*(1/b)-(a/b)*(utemp(j,i-1,2)+utemp(j,i
+1,1))...[] 
 []

[5]
Overfull \hbox (42.24687pt too wide) in paragraph at lines 290--290
 []\OT1/cmtt/m/n/10 uout(1:Ny,1:Nx)=utemp(1:Ny,1:Nx,2);%utemp copied with bound
ary values[] 
 []


Overfull \hbox (10.74715pt too wide) in paragraph at lines 337--337
 []\OT1/cmtt/m/n/10 -a*(utemp(2:Ny-1,i-1,3)+utemp(2:Ny-1,i+1,2))+BCmaty(1:Ny-2,
1));[] 
 []


Overfull \hbox (105.24632pt too wide) in paragraph at lines 337--337
 []\OT1/cmtt/m/n/10 utemp(2:Ny-1,2:Nx-1,3)=utemp(2:Ny-1,2:Nx-1,1)*(1-omg)+utemp
(2:Ny-1,2:Nx-1,3)*omg;[] 
 []

[6]
Overfull \hbox (78.99655pt too wide) in paragraph at lines 363--363
 []\OT1/cmtt/m/n/10 function [uout]=fine_to_coarse(uin,RHS,maxiter,invA,invB,A,
B,a,b,c,nx,ny,...[] 
 []

[7]
Overfull \hbox (26.49701pt too wide) in paragraph at lines 389--389
 []\OT1/cmtt/m/n/10 %Perform restriction by copying every alternate points in t
he grid[] 
 []

[8] [9]
Overfull \hbox (36.99692pt too wide) in paragraph at lines 518--518
 []\OT1/cmtt/m/n/10 utemp(j,i,2)=RHS(j,i)*(1/b)-(a/b)*(utemp(j,i-1,2)+utemp(j,i
+1,1))...[] 
 []

[10] (./main.aux) ) 
Here is how much of TeX's memory you used:
 1545 strings out of 492995
 22640 string characters out of 6132704
 85202 words of memory out of 5000000
 5103 multiletter control sequences out of 15000+600000
 5326 words of font info for 20 fonts, out of 8000000 for 9000
 1141 hyphenation exceptions out of 8191
 39i,5n,25p,234b,335s stack positions out of 5000i,500n,10000p,200000b,80000s
</usr/local/texlive/2017/texmf-dist/fonts/type1/public/amsfo
nts/cm/cmbx10.pfb></usr/local/texlive/2017/texmf-dist/fonts/type1/public/amsfon
ts/cm/cmbx12.pfb></usr/local/texlive/2017/texmf-dist/fonts/type1/public/amsfont
s/cm/cmr10.pfb></usr/local/texlive/2017/texmf-dist/fonts/type1/public/amsfonts/
cm/cmsy10.pfb></usr/local/texlive/2017/texmf-dist/fonts/type1/public/amsfonts/c
m/cmtt10.pfb>
Output written on main.pdf (10 pages, 85814 bytes).
PDF statistics:
 57 PDF objects out of 1000 (max. 8388607)
 39 compressed objects within 1 object stream
 0 named destinations out of 1000 (max. 500000)
 1 words of extra memory for PDF output out of 10000 (max. 10000000)

